12:38:09.198 [main] INFO  pl.ttpsc.javaupdate.project.persistence.sql.SqlService - INSERT INTO companyuser (id, username, password, roles) VALUES (?, ?, ?, ?)
12:38:09.232 [main] INFO  pl.ttpsc.javaupdate.project.persistence.sql.SqlService - INSERT INTO companyuser (id, username, password, roles) VALUES (?, ?, ?, ?)
12:38:24.272 [main] INFO  pl.ttpsc.javaupdate.project.ConsoleApplication - Logged in as: user
12:39:05.009 [main] INFO  pl.ttpsc.javaupdate.project.persistence.sql.SqlService - INSERT INTO companyuser (id, username, password, roles) VALUES (?, ?, ?, ?)
12:39:05.045 [main] INFO  pl.ttpsc.javaupdate.project.persistence.sql.SqlService - INSERT INTO companyuser (id, username, password, roles) VALUES (?, ?, ?, ?)
12:39:09.890 [main] INFO  pl.ttpsc.javaupdate.project.ConsoleApplication - Logged in as: user
12:42:10.360 [main] INFO  pl.ttpsc.javaupdate.project.persistence.sql.SqlService - INSERT INTO companyuser (id, username, password, roles) VALUES (?, ?, ?, ?)
12:42:10.400 [main] INFO  pl.ttpsc.javaupdate.project.persistence.sql.SqlService - INSERT INTO companyuser (id, username, password, roles) VALUES (?, ?, ?, ?)
12:42:12.945 [main] INFO  pl.ttpsc.javaupdate.project.ConsoleApplication - Logged in as: user
12:48:11.146 [main] INFO  pl.ttpsc.javaupdate.project.persistence.sql.SqlService - INSERT INTO companyuser (id, username, password, roles) VALUES (?, ?, ?, ?)
12:48:11.182 [main] INFO  pl.ttpsc.javaupdate.project.persistence.sql.SqlService - INSERT INTO companyuser (id, username, password, roles) VALUES (?, ?, ?, ?)
12:48:14.990 [main] INFO  pl.ttpsc.javaupdate.project.ConsoleApplication - Logged in as: user
12:48:19.054 [main] INFO  pl.ttpsc.javaupdate.project.persistence.sql.SqlService - INSERT INTO document (id, name, content, creatorid) VALUES (?, ?, ?, ?)
12:48:19.058 [main] INFO  pl.ttpsc.javaupdate.project.persistence.sql.SqlService - Document added
15:07:06.075 [main] INFO  pl.ttpsc.javaupdate.project.persistence.sql.SqlService - INSERT INTO companyuser (id, username, password, roles) VALUES (?, ?, ?, ?)
15:07:06.106 [main] INFO  pl.ttpsc.javaupdate.project.persistence.sql.SqlService - INSERT INTO companyuser (id, username, password, roles) VALUES (?, ?, ?, ?)
15:07:10.980 [main] ERROR pl.ttpsc.javaupdate.project.persistence.sql.SqlService - BŁĄD: kolumna "username" nie istnieje
  Position: 29
15:08:22.023 [main] INFO  pl.ttpsc.javaupdate.project.persistence.sql.SqlService - INSERT INTO companyuser (id, username, password, roles) VALUES (?, ?, ?, ?)
15:08:22.054 [main] INFO  pl.ttpsc.javaupdate.project.persistence.sql.SqlService - INSERT INTO companyuser (id, username, password, roles) VALUES (?, ?, ?, ?)
15:09:47.401 [main] ERROR pl.ttpsc.javaupdate.project.persistence.sql.SqlService - BŁĄD: kolumna "username" nie istnieje
  Position: 29
15:14:10.879 [main] INFO  pl.ttpsc.javaupdate.project.persistence.sql.SqlService - INSERT INTO companyuser (id, username, password, roles) VALUES (?, ?, ?, ?)
15:14:10.923 [main] INFO  pl.ttpsc.javaupdate.project.persistence.sql.SqlService - INSERT INTO companyuser (id, username, password, roles) VALUES (?, ?, ?, ?)
15:14:43.774 [main] INFO  pl.ttpsc.javaupdate.project.persistence.sql.SqlService - INSERT INTO companyuser (id, username, password, roles) VALUES (?, ?, ?, ?)
15:14:43.876 [main] INFO  pl.ttpsc.javaupdate.project.persistence.sql.SqlService - INSERT INTO companyuser (id, username, password, roles) VALUES (?, ?, ?, ?)
15:15:25.404 [main] ERROR pl.ttpsc.javaupdate.project.persistence.sql.SqlService - BŁĄD: kolumna "username" nie istnieje
  Position: 29
15:15:42.634 [main] INFO  pl.ttpsc.javaupdate.project.persistence.sql.SqlService - INSERT INTO companyuser (id, username, password, roles) VALUES (?, ?, ?, ?)
15:15:42.690 [main] INFO  pl.ttpsc.javaupdate.project.persistence.sql.SqlService - INSERT INTO companyuser (id, username, password, roles) VALUES (?, ?, ?, ?)
15:17:46.038 [main] INFO  pl.ttpsc.javaupdate.project.persistence.sql.SqlService - INSERT INTO companyuser (id, username, password, roles) VALUES (?, ?, ?, ?)
15:17:46.082 [main] INFO  pl.ttpsc.javaupdate.project.persistence.sql.SqlService - INSERT INTO companyuser (id, username, password, roles) VALUES (?, ?, ?, ?)
15:17:54.120 [main] INFO  pl.ttpsc.javaupdate.project.ConsoleApplication - Logged in as: user
15:18:05.721 [main] INFO  pl.ttpsc.javaupdate.project.persistence.sql.SqlService - Result set is empty
15:18:21.090 [main] INFO  pl.ttpsc.javaupdate.project.persistence.sql.SqlService - INSERT INTO document (id, name, content, creatorid) VALUES (?, ?, ?, ?)
15:18:21.140 [main] INFO  pl.ttpsc.javaupdate.project.persistence.sql.SqlService - Document added
17:45:34.079 [main] INFO  pl.ttpsc.javaupdate.project.persistence.sql.SqlService - DROP TABLE IF EXISTS Project; CREATE TABLE Project(id INTEGER, name VARCHAR(255))
17:45:34.436 [main] INFO  pl.ttpsc.javaupdate.project.persistence.sql.SqlService - DROP TABLE IF EXISTS Document; CREATE TABLE Document(id INTEGER, name VARCHAR(255), content VARCHAR(255), creatorid INTEGER)
17:45:34.527 [main] INFO  pl.ttpsc.javaupdate.project.persistence.sql.SqlService - DROP TABLE IF EXISTS CompanyUser; CREATE TABLE CompanyUser(id INTEGER, username VARCHAR(255), password VARCHAR(255), roles TEXT[])
17:45:34.619 [main] INFO  pl.ttpsc.javaupdate.project.persistence.sql.SqlService - INSERT INTO companyuser (id, username, password, roles) VALUES (?, ?, ?, ?)
17:45:34.677 [main] INFO  pl.ttpsc.javaupdate.project.persistence.sql.SqlService - INSERT INTO companyuser (id, username, password, roles) VALUES (?, ?, ?, ?)
17:45:44.880 [main] INFO  pl.ttpsc.javaupdate.project.action.LoginAction - Logged in as: user
17:45:47.326 [main] INFO  pl.ttpsc.javaupdate.project.utility.Menu - Invalid choice. Please enter a valid number.
17:46:00.303 [main] INFO  pl.ttpsc.javaupdate.project.utility.Menu - Invalid choice. Please enter a valid number.
17:46:15.246 [main] ERROR pl.ttpsc.javaupdate.project.persistence.sql.SqlService - null
17:46:15.248 [main] INFO  pl.ttpsc.javaupdate.project.persistence.sql.SqlService - User added
17:46:50.729 [main] ERROR pl.ttpsc.javaupdate.project.persistence.sql.SqlService - null
17:46:50.730 [main] INFO  pl.ttpsc.javaupdate.project.persistence.sql.SqlService - User added
17:47:24.395 [main] INFO  pl.ttpsc.javaupdate.project.persistence.sql.SqlService - DROP TABLE IF EXISTS Project; CREATE TABLE Project(id INTEGER, name VARCHAR(255))
17:47:24.712 [main] INFO  pl.ttpsc.javaupdate.project.persistence.sql.SqlService - DROP TABLE IF EXISTS Document; CREATE TABLE Document(id INTEGER, name VARCHAR(255), content VARCHAR(255), creatorid INTEGER)
17:47:24.770 [main] INFO  pl.ttpsc.javaupdate.project.persistence.sql.SqlService - DROP TABLE IF EXISTS CompanyUser; CREATE TABLE CompanyUser(id INTEGER, username VARCHAR(255), password VARCHAR(255), roles TEXT[])
17:47:24.855 [main] INFO  pl.ttpsc.javaupdate.project.persistence.sql.SqlService - INSERT INTO companyuser (id, username, password, roles) VALUES (?, ?, ?, ?)
17:47:24.904 [main] INFO  pl.ttpsc.javaupdate.project.persistence.sql.SqlService - INSERT INTO companyuser (id, username, password, roles) VALUES (?, ?, ?, ?)
17:47:30.166 [main] INFO  pl.ttpsc.javaupdate.project.action.LoginAction - Logged in as: user
17:47:35.561 [main] INFO  pl.ttpsc.javaupdate.project.persistence.sql.SqlService - INSERT INTO document (id, name, content, creatorid) VALUES (?, ?, ?, ?)
17:47:35.585 [main] INFO  pl.ttpsc.javaupdate.project.action.documentActions.CreateDocumentAction - info
17:47:51.311 [main] INFO  pl.ttpsc.javaupdate.project.utility.Menu - Invalid choice. Please enter a valid number.
17:47:58.027 [main] INFO  pl.ttpsc.javaupdate.project.utility.Menu - Invalid choice. Please enter a valid number.
17:48:53.088 [main] INFO  pl.ttpsc.javaupdate.project.persistence.sql.SqlService - DROP TABLE IF EXISTS Project; CREATE TABLE Project(id INTEGER, name VARCHAR(255))
17:48:53.401 [main] INFO  pl.ttpsc.javaupdate.project.persistence.sql.SqlService - DROP TABLE IF EXISTS Document; CREATE TABLE Document(id INTEGER, name VARCHAR(255), content VARCHAR(255), creatorid INTEGER)
17:48:53.471 [main] INFO  pl.ttpsc.javaupdate.project.persistence.sql.SqlService - DROP TABLE IF EXISTS CompanyUser; CREATE TABLE CompanyUser(id INTEGER, username VARCHAR(255), password VARCHAR(255), roles TEXT[])
17:48:53.549 [main] INFO  pl.ttpsc.javaupdate.project.persistence.sql.SqlService - INSERT INTO companyuser (id, username, password, roles) VALUES (?, ?, ?, ?)
17:48:53.589 [main] INFO  pl.ttpsc.javaupdate.project.persistence.sql.SqlService - INSERT INTO companyuser (id, username, password, roles) VALUES (?, ?, ?, ?)
17:49:10.957 [main] INFO  pl.ttpsc.javaupdate.project.action.LoginAction - Logged in as: user
17:49:13.894 [main] INFO  pl.ttpsc.javaupdate.project.utility.Menu - Invalid choice. Please enter a valid number.
09:11:20.959 [main] INFO  pl.ttpsc.javaupdate.project.persistence.sql.SqlService - DROP TABLE IF EXISTS Project; CREATE TABLE Project(id INTEGER, name VARCHAR(255))
09:11:21.224 [main] INFO  pl.ttpsc.javaupdate.project.persistence.sql.SqlService - DROP TABLE IF EXISTS Document; CREATE TABLE Document(id INTEGER, name VARCHAR(255), content VARCHAR(255), creatorid INTEGER)
09:11:21.274 [main] INFO  pl.ttpsc.javaupdate.project.persistence.sql.SqlService - DROP TABLE IF EXISTS CompanyUser; CREATE TABLE CompanyUser(id INTEGER, username VARCHAR(255), password VARCHAR(255), roles TEXT[])
09:11:21.338 [main] INFO  pl.ttpsc.javaupdate.project.persistence.sql.SqlService - INSERT INTO companyuser (id, username, password, roles) VALUES (?, ?, ?, ?)
09:11:21.373 [main] INFO  pl.ttpsc.javaupdate.project.persistence.sql.SqlService - INSERT INTO companyuser (id, username, password, roles) VALUES (?, ?, ?, ?)
09:11:26.912 [main] INFO  pl.ttpsc.javaupdate.project.action.LoginAction - Logged in as: user
09:55:03.465 [main] INFO  pl.ttpsc.javaupdate.project.persistence.sql.SqlService - DROP TABLE IF EXISTS Project; CREATE TABLE Project(id INTEGER, name VARCHAR(255))
09:55:03.793 [main] INFO  pl.ttpsc.javaupdate.project.persistence.sql.SqlService - DROP TABLE IF EXISTS Document; CREATE TABLE Document(id INTEGER, name VARCHAR(255), content VARCHAR(255), creatorid INTEGER)
09:55:03.829 [main] INFO  pl.ttpsc.javaupdate.project.persistence.sql.SqlService - DROP TABLE IF EXISTS CompanyUser; CREATE TABLE CompanyUser(id INTEGER, username VARCHAR(255), password VARCHAR(255), roles TEXT[])
09:55:03.887 [main] INFO  pl.ttpsc.javaupdate.project.persistence.sql.SqlService - INSERT INTO companyuser (id, username, password, roles) VALUES (?, ?, ?, ?)
09:55:03.920 [main] INFO  pl.ttpsc.javaupdate.project.persistence.sql.SqlService - INSERT INTO companyuser (id, username, password, roles) VALUES (?, ?, ?, ?)
09:55:06.564 [main] INFO  pl.ttpsc.javaupdate.project.action.LoginAction - Logged in as: user
09:56:13.877 [main] INFO  pl.ttpsc.javaupdate.project.persistence.sql.SqlService - DROP TABLE IF EXISTS Project; CREATE TABLE Project(id INTEGER, name VARCHAR(255))
09:56:14.090 [main] INFO  pl.ttpsc.javaupdate.project.persistence.sql.SqlService - DROP TABLE IF EXISTS Document; CREATE TABLE Document(id INTEGER, name VARCHAR(255), content VARCHAR(255), creatorid INTEGER)
09:56:14.132 [main] INFO  pl.ttpsc.javaupdate.project.persistence.sql.SqlService - DROP TABLE IF EXISTS CompanyUser; CREATE TABLE CompanyUser(id INTEGER, username VARCHAR(255), password VARCHAR(255), roles TEXT[])
09:56:14.295 [main] INFO  pl.ttpsc.javaupdate.project.persistence.sql.SqlService - INSERT INTO companyuser (id, username, password, roles) VALUES (?, ?, ?, ?)
09:56:14.328 [main] INFO  pl.ttpsc.javaupdate.project.persistence.sql.SqlService - INSERT INTO companyuser (id, username, password, roles) VALUES (?, ?, ?, ?)
09:56:28.072 [main] INFO  pl.ttpsc.javaupdate.project.persistence.sql.SqlService - DROP TABLE IF EXISTS Project; CREATE TABLE Project(id INTEGER, name VARCHAR(255))
09:56:28.282 [main] INFO  pl.ttpsc.javaupdate.project.persistence.sql.SqlService - DROP TABLE IF EXISTS Document; CREATE TABLE Document(id INTEGER, name VARCHAR(255), content VARCHAR(255), creatorid INTEGER)
09:56:28.323 [main] INFO  pl.ttpsc.javaupdate.project.persistence.sql.SqlService - DROP TABLE IF EXISTS CompanyUser; CREATE TABLE CompanyUser(id INTEGER, username VARCHAR(255), password VARCHAR(255), roles TEXT[])
09:56:28.383 [main] INFO  pl.ttpsc.javaupdate.project.persistence.sql.SqlService - INSERT INTO companyuser (id, username, password, roles) VALUES (?, ?, ?, ?)
09:56:28.416 [main] INFO  pl.ttpsc.javaupdate.project.persistence.sql.SqlService - INSERT INTO companyuser (id, username, password, roles) VALUES (?, ?, ?, ?)
09:56:38.594 [main] INFO  pl.ttpsc.javaupdate.project.action.LoginAction - Logged in as: user
10:29:42.114 [main] INFO  pl.ttpsc.javaupdate.project.persistence.sql.SqlService - INSERT INTO companyuser (id, username, password, roles) VALUES (?, ?, ?, ?)
10:29:42.149 [main] INFO  pl.ttpsc.javaupdate.project.persistence.sql.SqlService - INSERT INTO companyuser (id, username, password, roles) VALUES (?, ?, ?, ?)
10:29:51.233 [main] INFO  pl.ttpsc.javaupdate.project.action.LoginAction - Logged in as: user
10:34:31.590 [main] INFO  pl.ttpsc.javaupdate.project.persistence.sql.SqlService - INSERT INTO companyuser (id, username, password, roles) VALUES (?, ?, ?, ?)
10:34:31.730 [main] INFO  pl.ttpsc.javaupdate.project.persistence.sql.SqlService - INSERT INTO companyuser (id, username, password, roles) VALUES (?, ?, ?, ?)
10:35:18.282 [main] INFO  pl.ttpsc.javaupdate.project.action.LoginAction - Logged in as: user
10:35:36.681 [main] INFO  pl.ttpsc.javaupdate.project.persistence.sql.SqlService - INSERT INTO document (id, name, content, creatorid) VALUES (?, ?, ?, ?)
10:35:36.706 [main] INFO  pl.ttpsc.javaupdate.project.action.documentActions.CreateDocumentAction - info
10:36:46.260 [main] INFO  pl.ttpsc.javaupdate.project.action.LoginAction - Logged in as: user
10:57:48.555 [main] INFO  pl.ttpsc.javaupdate.project.action.LoginAction - Logged in as: user
14:22:32.953 [main] INFO  pl.ttpsc.javaupdate.project.persistence.sql.SqlService - DROP TABLE IF EXISTS Project; CREATE TABLE Project(id BIGINT, name VARCHAR(255))
14:22:33.157 [main] INFO  pl.ttpsc.javaupdate.project.persistence.sql.SqlService - DROP TABLE IF EXISTS Document; CREATE TABLE Document(id BIGINT, name VARCHAR(255), content VARCHAR(255), creatorid BIGINT)
14:25:08.555 [main] INFO  pl.ttpsc.javaupdate.project.persistence.sql.SqlService - DROP TABLE IF EXISTS Project; CREATE TABLE Project(id BIGINT, name VARCHAR(255))
14:25:08.755 [main] INFO  pl.ttpsc.javaupdate.project.persistence.sql.SqlService - DROP TABLE IF EXISTS Document; CREATE TABLE Document(id BIGINT, name VARCHAR(255), content VARCHAR(255), creatorid BIGINT)
14:25:08.791 [main] INFO  pl.ttpsc.javaupdate.project.persistence.sql.SqlService - DROP TABLE IF EXISTS CompanyUser; CREATE TABLE CompanyUser(id BIGINT, username VARCHAR(255), password VARCHAR(255))
14:25:13.456 [main] INFO  pl.ttpsc.javaupdate.project.action.LoginAction - Invalid login or password. Try again.
14:26:14.158 [main] INFO  pl.ttpsc.javaupdate.project.persistence.sql.SqlService - DROP TABLE IF EXISTS Project; CREATE TABLE Project(id BIGINT, name VARCHAR(255))
14:26:14.359 [main] INFO  pl.ttpsc.javaupdate.project.persistence.sql.SqlService - DROP TABLE IF EXISTS Document; CREATE TABLE Document(id BIGINT, name VARCHAR(255), content VARCHAR(255), creatorid BIGINT)
14:26:14.390 [main] INFO  pl.ttpsc.javaupdate.project.persistence.sql.SqlService - DROP TABLE IF EXISTS CompanyUser; CREATE TABLE CompanyUser(id BIGINT, username VARCHAR(255), password VARCHAR(255))
14:26:14.442 [main] INFO  pl.ttpsc.javaupdate.project.persistence.sql.SqlService - INSERT INTO companyuser (id, username, password) VALUES (?, ?, ?)
14:26:17.655 [main] INFO  pl.ttpsc.javaupdate.project.action.LoginAction - Invalid login or password. Try again.
14:26:25.934 [main] INFO  pl.ttpsc.javaupdate.project.persistence.sql.SqlService - DROP TABLE IF EXISTS Project; CREATE TABLE Project(id BIGINT, name VARCHAR(255))
14:26:26.145 [main] INFO  pl.ttpsc.javaupdate.project.persistence.sql.SqlService - DROP TABLE IF EXISTS Document; CREATE TABLE Document(id BIGINT, name VARCHAR(255), content VARCHAR(255), creatorid BIGINT)
14:26:26.182 [main] INFO  pl.ttpsc.javaupdate.project.persistence.sql.SqlService - DROP TABLE IF EXISTS CompanyUser; CREATE TABLE CompanyUser(id BIGINT, username VARCHAR(255), password VARCHAR(255))
14:26:26.239 [main] INFO  pl.ttpsc.javaupdate.project.persistence.sql.SqlService - INSERT INTO companyuser (id, username, password) VALUES (?, ?, ?)
14:26:29.668 [main] INFO  pl.ttpsc.javaupdate.project.action.LoginAction - Logged in as: admin
14:26:58.025 [main] INFO  pl.ttpsc.javaupdate.project.persistence.sql.SqlService - INSERT INTO document (id, name, content, creatorid) VALUES (?, ?, ?, ?)
14:26:58.029 [main] INFO  pl.ttpsc.javaupdate.project.action.documentActions.CreateDocumentAction - Document added
14:43:03.457 [main] INFO  pl.ttpsc.javaupdate.project.persistence.sql.SqlService - DROP TABLE IF EXISTS Project; CREATE TABLE Project(id BIGINT, name VARCHAR(255))
14:43:03.696 [main] INFO  pl.ttpsc.javaupdate.project.persistence.sql.SqlService - DROP TABLE IF EXISTS Document; CREATE TABLE Document(id BIGINT, name VARCHAR(255), content VARCHAR(255), creatorid BIGINT)
14:43:03.739 [main] INFO  pl.ttpsc.javaupdate.project.persistence.sql.SqlService - DROP TABLE IF EXISTS CompanyUser; CREATE TABLE CompanyUser(id BIGINT, username VARCHAR(255), password VARCHAR(255))
14:43:03.909 [main] INFO  pl.ttpsc.javaupdate.project.persistence.sql.SqlService - INSERT INTO companyuser (id, username, password) VALUES (?, ?, ?)
14:43:15.657 [main] INFO  pl.ttpsc.javaupdate.project.action.LoginAction - Logged in as: admin
14:43:22.614 [main] INFO  pl.ttpsc.javaupdate.project.persistence.sql.SqlService - INSERT INTO document (id, name, content, creatorid) VALUES (?, ?, ?, ?)
14:43:22.619 [main] INFO  pl.ttpsc.javaupdate.project.action.documentActions.CreateDocumentAction - Document added
14:45:37.333 [main] INFO  pl.ttpsc.javaupdate.project.persistence.sql.SqlService - DROP TABLE IF EXISTS Project; CREATE TABLE Project(id BIGINT, name VARCHAR(255))
14:45:37.582 [main] INFO  pl.ttpsc.javaupdate.project.persistence.sql.SqlService - DROP TABLE IF EXISTS Document; CREATE TABLE Document(id BIGINT, name VARCHAR(255), content VARCHAR(255), creatorid BIGINT)
14:45:37.626 [main] INFO  pl.ttpsc.javaupdate.project.persistence.sql.SqlService - DROP TABLE IF EXISTS CompanyUser; CREATE TABLE CompanyUser(id BIGINT, username VARCHAR(255), password VARCHAR(255))
14:45:37.790 [main] INFO  pl.ttpsc.javaupdate.project.persistence.sql.SqlService - INSERT INTO companyuser (id, username, password) VALUES (?, ?, ?)
14:45:42.698 [main] INFO  pl.ttpsc.javaupdate.project.action.LoginAction - Logged in as: admin
14:45:49.929 [main] INFO  pl.ttpsc.javaupdate.project.persistence.sql.SqlService - INSERT INTO document (id, name, content, creatorid) VALUES (?, ?, ?, ?)
14:45:49.932 [main] INFO  pl.ttpsc.javaupdate.project.action.documentActions.CreateDocumentAction - Document added
14:54:40.311 [main] INFO  pl.ttpsc.javaupdate.project.persistence.sql.SqlService - DROP TABLE IF EXISTS Project; CREATE TABLE Project(id BIGINT, name VARCHAR(255))
14:54:40.551 [main] INFO  pl.ttpsc.javaupdate.project.persistence.sql.SqlService - DROP TABLE IF EXISTS Document; CREATE TABLE Document(id BIGINT, name VARCHAR(255), content VARCHAR(255), creatorid BIGINT)
14:54:40.593 [main] INFO  pl.ttpsc.javaupdate.project.persistence.sql.SqlService - DROP TABLE IF EXISTS CompanyUser; CREATE TABLE CompanyUser(id BIGINT, username VARCHAR(255), password VARCHAR(255))
14:54:42.516 [main] INFO  pl.ttpsc.javaupdate.project.persistence.sql.SqlService - DROP TABLE IF EXISTS Project; CREATE TABLE Project(id BIGINT, name VARCHAR(255))
14:54:42.744 [main] INFO  pl.ttpsc.javaupdate.project.persistence.sql.SqlService - DROP TABLE IF EXISTS Document; CREATE TABLE Document(id BIGINT, name VARCHAR(255), content VARCHAR(255), creatorid BIGINT)
14:54:42.777 [main] INFO  pl.ttpsc.javaupdate.project.persistence.sql.SqlService - DROP TABLE IF EXISTS CompanyUser; CREATE TABLE CompanyUser(id BIGINT, username VARCHAR(255), password VARCHAR(255))
14:54:42.833 [main] INFO  pl.ttpsc.javaupdate.project.persistence.sql.SqlService - INSERT INTO companyuser (id, username, password) VALUES (?, ?, ?)
14:54:48.494 [main] INFO  pl.ttpsc.javaupdate.project.action.LoginAction - Invalid login or password. Try again.
14:54:53.188 [main] INFO  pl.ttpsc.javaupdate.project.persistence.sql.SqlService - DROP TABLE IF EXISTS Project; CREATE TABLE Project(id BIGINT, name VARCHAR(255))
14:54:53.393 [main] INFO  pl.ttpsc.javaupdate.project.persistence.sql.SqlService - DROP TABLE IF EXISTS Document; CREATE TABLE Document(id BIGINT, name VARCHAR(255), content VARCHAR(255), creatorid BIGINT)
14:54:53.431 [main] INFO  pl.ttpsc.javaupdate.project.persistence.sql.SqlService - DROP TABLE IF EXISTS CompanyUser; CREATE TABLE CompanyUser(id BIGINT, username VARCHAR(255), password VARCHAR(255))
14:54:53.488 [main] INFO  pl.ttpsc.javaupdate.project.persistence.sql.SqlService - INSERT INTO companyuser (id, username, password) VALUES (?, ?, ?)
14:54:58.885 [main] INFO  pl.ttpsc.javaupdate.project.action.LoginAction - Logged in as: admin
14:55:03.436 [main] INFO  pl.ttpsc.javaupdate.project.persistence.sql.SqlService - INSERT INTO document (id, name, content, creatorid) VALUES (?, ?, ?, ?)
14:55:03.441 [main] INFO  pl.ttpsc.javaupdate.project.action.documentActions.CreateDocumentAction - Document added
15:11:07.929 [main] INFO  pl.ttpsc.javaupdate.project.persistence.sql.SqlService - DROP TABLE IF EXISTS Project; CREATE TABLE Project(id BIGINT, name VARCHAR(255))
15:11:08.143 [main] INFO  pl.ttpsc.javaupdate.project.persistence.sql.SqlService - DROP TABLE IF EXISTS Document; CREATE TABLE Document(id BIGINT, name VARCHAR(255), content VARCHAR(255), creatorid BIGINT)
15:11:08.174 [main] INFO  pl.ttpsc.javaupdate.project.persistence.sql.SqlService - DROP TABLE IF EXISTS CompanyUser; CREATE TABLE CompanyUser(id BIGINT, username VARCHAR(255), password VARCHAR(255))
15:11:08.228 [main] INFO  pl.ttpsc.javaupdate.project.persistence.sql.SqlService - INSERT INTO companyuser (id, username, password) VALUES (?, ?, ?)
15:11:14.964 [main] INFO  pl.ttpsc.javaupdate.project.action.LoginAction - Logged in as: admin
15:11:21.058 [main] INFO  pl.ttpsc.javaupdate.project.persistence.sql.SqlService - INSERT INTO document (id, name, content, creatorid) VALUES (?, ?, ?, ?)
15:11:21.062 [main] INFO  pl.ttpsc.javaupdate.project.action.documentActions.CreateDocumentAction - Document added
15:11:34.870 [main] INFO  pl.ttpsc.javaupdate.project.action.documentActions.FindDocumentAction - Document with ID 2 not found.
15:25:54.630 [main] INFO  pl.ttpsc.javaupdate.project.action.documentActions.DeleteDocumentAction - Document deleted
15:30:08.677 [main] INFO  pl.ttpsc.javaupdate.project.persistence.sql.SqlService - DROP TABLE IF EXISTS Project; CREATE TABLE Project(id BIGINT, name VARCHAR(255))
15:30:08.900 [main] INFO  pl.ttpsc.javaupdate.project.persistence.sql.SqlService - DROP TABLE IF EXISTS Document; CREATE TABLE Document(id BIGINT, name VARCHAR(255), content VARCHAR(255), creatorid BIGINT)
15:30:08.937 [main] INFO  pl.ttpsc.javaupdate.project.persistence.sql.SqlService - DROP TABLE IF EXISTS CompanyUser; CREATE TABLE CompanyUser(id BIGINT, username VARCHAR(255), password VARCHAR(255))
15:30:08.996 [main] INFO  pl.ttpsc.javaupdate.project.persistence.sql.SqlService - INSERT INTO companyuser (id, username, password) VALUES (?, ?, ?)
15:30:13.493 [main] INFO  pl.ttpsc.javaupdate.project.action.LoginAction - Logged in as: admin
15:35:48.265 [main] INFO  pl.ttpsc.javaupdate.project.action.documentActions.DeleteDocumentAction - Document with ID 3 not found.
15:46:24.047 [main] INFO  pl.ttpsc.javaupdate.project.persistence.sql.SqlService - DROP TABLE IF EXISTS Project; CREATE TABLE Project(id BIGINT, name VARCHAR(255))
15:46:24.259 [main] INFO  pl.ttpsc.javaupdate.project.persistence.sql.SqlService - DROP TABLE IF EXISTS Document; CREATE TABLE Document(id BIGINT, name VARCHAR(255), content VARCHAR(255), creatorid BIGINT)
15:46:24.296 [main] INFO  pl.ttpsc.javaupdate.project.persistence.sql.SqlService - DROP TABLE IF EXISTS CompanyUser; CREATE TABLE CompanyUser(id BIGINT, username VARCHAR(255), password VARCHAR(255))
15:46:24.353 [main] INFO  pl.ttpsc.javaupdate.project.persistence.sql.SqlService - INSERT INTO companyuser (id, username, password) VALUES (?, ?, ?)
16:44:19.597 [main] INFO  pl.ttpsc.javaupdate.project.action.LoginAction - Invalid login or password. Try again.
16:44:29.774 [main] INFO  pl.ttpsc.javaupdate.project.persistence.sql.SqlService - DROP TABLE IF EXISTS Project; CREATE TABLE Project(id BIGINT, name VARCHAR(255))
16:44:29.990 [main] INFO  pl.ttpsc.javaupdate.project.persistence.sql.SqlService - DROP TABLE IF EXISTS Document; CREATE TABLE Document(id BIGINT, name VARCHAR(255), content VARCHAR(255), creatorid BIGINT)
16:44:30.030 [main] INFO  pl.ttpsc.javaupdate.project.persistence.sql.SqlService - DROP TABLE IF EXISTS CompanyUser; CREATE TABLE CompanyUser(id BIGINT, username VARCHAR(255), password VARCHAR(255))
16:44:30.092 [main] INFO  pl.ttpsc.javaupdate.project.persistence.sql.SqlService - INSERT INTO companyuser (id, username, password) VALUES (?, ?, ?)
16:44:54.494 [main] INFO  pl.ttpsc.javaupdate.project.action.LoginAction - Logged in as: admin
16:45:01.377 [main] INFO  pl.ttpsc.javaupdate.project.persistence.sql.SqlService - INSERT INTO document (id, name, content, creatorid) VALUES (?, ?, ?, ?)
16:45:01.381 [main] INFO  pl.ttpsc.javaupdate.project.action.documentActions.CreateDocumentAction - Document added
16:45:14.619 [main] INFO  pl.ttpsc.javaupdate.project.action.documentActions.FindDocumentAction - Document with ID 2 not found.
16:45:25.737 [main] INFO  pl.ttpsc.javaupdate.project.persistence.sql.SqlService - INSERT INTO project (id, name) VALUES (?, ?)
16:45:25.741 [main] INFO  pl.ttpsc.javaupdate.project.action.projectActions.CreateProjectAction - Project created
16:45:38.171 [main] INFO  pl.ttpsc.javaupdate.project.action.projectActions.FindProjectAction - Document with ID 2 not found.
16:46:01.839 [main] INFO  pl.ttpsc.javaupdate.project.persistence.sql.SqlService - Document deleted
16:46:01.839 [main] INFO  pl.ttpsc.javaupdate.project.action.projectActions.DeleteProjectAction - Project delete
16:46:21.773 [main] INFO  pl.ttpsc.javaupdate.project.persistence.sql.SqlService - INSERT INTO companyuser (id, username, password) VALUES (?, ?, ?)
16:46:21.776 [main] INFO  pl.ttpsc.javaupdate.project.action.userActions.CreateUserAction - User added
16:46:28.836 [main] INFO  pl.ttpsc.javaupdate.project.action.userActions.FindUserAction - 2 not found.
17:04:46.870 [main] INFO  pl.ttpsc.javaupdate.project.persistence.sql.SqlService - DROP TABLE IF EXISTS Project; CREATE TABLE Project(id BIGINT, name VARCHAR(255), creatorId VARCHAR(255))
17:04:47.088 [main] INFO  pl.ttpsc.javaupdate.project.persistence.sql.SqlService - DROP TABLE IF EXISTS Document; CREATE TABLE Document(id BIGINT, name VARCHAR(255), content VARCHAR(255), creatorid BIGINT, projectId BIGINT)
17:04:47.119 [main] INFO  pl.ttpsc.javaupdate.project.persistence.sql.SqlService - DROP TABLE IF EXISTS CompanyUser; CREATE TABLE CompanyUser(id BIGINT, username VARCHAR(255), password VARCHAR(255))
17:04:47.172 [main] INFO  pl.ttpsc.javaupdate.project.persistence.sql.SqlService - INSERT INTO companyuser (id, username, password) VALUES (?, ?, ?)
12:56:22.003 [main] INFO  pl.ttpsc.javaupdate.project.persistence.sql.SqlService - DROP TABLE IF EXISTS Project; CREATE TABLE Project(id BIGINT, name VARCHAR(255), creatorId BIGINT)
12:56:22.233 [main] INFO  pl.ttpsc.javaupdate.project.persistence.sql.SqlService - DROP TABLE IF EXISTS Document; CREATE TABLE Document(id BIGINT, title VARCHAR(255), content VARCHAR(255), description VARCHAR(255), topic VARCHAR(255), creatorid BIGINT, projectId BIGINT)
12:56:22.269 [main] INFO  pl.ttpsc.javaupdate.project.persistence.sql.SqlService - DROP TABLE IF EXISTS CompanyUser; CREATE TABLE CompanyUser(id BIGINT, username VARCHAR(255), password VARCHAR(255))
12:56:22.326 [main] INFO  pl.ttpsc.javaupdate.project.persistence.sql.SqlService - INSERT INTO companyuser (id, username, password) VALUES (?, ?, ?)
12:56:42.346 [main] INFO  pl.ttpsc.javaupdate.project.action.LoginAction - Invalid login or password. Try again.
12:56:48.800 [main] INFO  pl.ttpsc.javaupdate.project.persistence.sql.SqlService - DROP TABLE IF EXISTS Project; CREATE TABLE Project(id BIGINT, name VARCHAR(255), creatorId BIGINT)
12:56:49.024 [main] INFO  pl.ttpsc.javaupdate.project.persistence.sql.SqlService - DROP TABLE IF EXISTS Document; CREATE TABLE Document(id BIGINT, title VARCHAR(255), content VARCHAR(255), description VARCHAR(255), topic VARCHAR(255), creatorid BIGINT, projectId BIGINT)
12:56:49.065 [main] INFO  pl.ttpsc.javaupdate.project.persistence.sql.SqlService - DROP TABLE IF EXISTS CompanyUser; CREATE TABLE CompanyUser(id BIGINT, username VARCHAR(255), password VARCHAR(255))
12:56:49.124 [main] INFO  pl.ttpsc.javaupdate.project.persistence.sql.SqlService - INSERT INTO companyuser (id, username, password) VALUES (?, ?, ?)
12:56:58.945 [main] INFO  pl.ttpsc.javaupdate.project.action.LoginAction - Logged in as: admin
13:01:07.428 [main] INFO  pl.ttpsc.javaupdate.project.persistence.sql.SqlService - INSERT INTO document (id, title, content, description, topic, creatorid, projectId) VALUES (?, ?, ?, ?, ?, ?, ?)
13:01:07.432 [main] INFO  pl.ttpsc.javaupdate.project.action.documentActions.CreateDocumentAction - Document added
14:10:50.757 [main] INFO  pl.ttpsc.javaupdate.project.persistence.sql.SqlService - DROP TABLE IF EXISTS Project; CREATE TABLE Project(id BIGINT, name VARCHAR(255), creatorId BIGINT)
14:10:50.987 [main] INFO  pl.ttpsc.javaupdate.project.persistence.sql.SqlService - DROP TABLE IF EXISTS Document; CREATE TABLE Document(id BIGINT, title VARCHAR(255), content VARCHAR(255), description VARCHAR(255), topic VARCHAR(255), creatorid BIGINT, projectId BIGINT)
14:10:51.031 [main] INFO  pl.ttpsc.javaupdate.project.persistence.sql.SqlService - DROP TABLE IF EXISTS CompanyUser; CREATE TABLE CompanyUser(id BIGINT, username VARCHAR(255), password VARCHAR(255))
14:10:51.093 [main] INFO  pl.ttpsc.javaupdate.project.persistence.sql.SqlService - INSERT INTO companyuser (id, username, password) VALUES (?, ?, ?)
14:10:56.667 [main] INFO  pl.ttpsc.javaupdate.project.action.LoginAction - Logged in as: admin
14:11:11.158 [main] INFO  pl.ttpsc.javaupdate.project.persistence.sql.SqlService - DROP TABLE IF EXISTS Project; CREATE TABLE Project(id BIGINT, name VARCHAR(255), creatorId BIGINT)
14:11:11.451 [main] INFO  pl.ttpsc.javaupdate.project.persistence.sql.SqlService - DROP TABLE IF EXISTS Document; CREATE TABLE Document(id BIGINT, title VARCHAR(255), content VARCHAR(255), description VARCHAR(255), topic VARCHAR(255), creatorid BIGINT, projectId BIGINT)
14:11:11.492 [main] INFO  pl.ttpsc.javaupdate.project.persistence.sql.SqlService - DROP TABLE IF EXISTS CompanyUser; CREATE TABLE CompanyUser(id BIGINT, username VARCHAR(255), password VARCHAR(255))
14:11:11.560 [main] INFO  pl.ttpsc.javaupdate.project.persistence.sql.SqlService - INSERT INTO companyuser (id, username, password) VALUES (?, ?, ?)
14:11:25.027 [main] INFO  pl.ttpsc.javaupdate.project.persistence.sql.SqlService - DROP TABLE IF EXISTS Project; CREATE TABLE Project(id BIGINT, name VARCHAR(255), creatorId BIGINT)
14:11:25.282 [main] INFO  pl.ttpsc.javaupdate.project.persistence.sql.SqlService - DROP TABLE IF EXISTS Document; CREATE TABLE Document(id BIGINT, title VARCHAR(255), content VARCHAR(255), description VARCHAR(255), topic VARCHAR(255), creatorid BIGINT, projectId BIGINT)
14:11:25.322 [main] INFO  pl.ttpsc.javaupdate.project.persistence.sql.SqlService - DROP TABLE IF EXISTS CompanyUser; CREATE TABLE CompanyUser(id BIGINT, username VARCHAR(255), password VARCHAR(255))
14:11:25.385 [main] INFO  pl.ttpsc.javaupdate.project.persistence.sql.SqlService - INSERT INTO companyuser (id, username, password) VALUES (?, ?, ?)
14:11:46.011 [main] INFO  pl.ttpsc.javaupdate.project.action.LoginAction - Logged in as: admin
14:12:13.734 [main] INFO  pl.ttpsc.javaupdate.project.persistence.sql.SqlService - INSERT INTO document (id, title, content, description, topic, creatorid, projectId) VALUES (?, ?, ?, ?, ?, ?, ?)
14:12:13.737 [main] INFO  pl.ttpsc.javaupdate.project.action.documentActions.CreateDocumentAction - Document added
14:13:45.178 [main] INFO  pl.ttpsc.javaupdate.project.action.documentActions.DeleteDocumentAction - You can't delete doc with ID 2because is not found.
14:13:49.485 [main] INFO  pl.ttpsc.javaupdate.project.persistence.sql.SqlService - DROP TABLE IF EXISTS Project; CREATE TABLE Project(id BIGINT, name VARCHAR(255), creatorId BIGINT)
14:13:49.801 [main] INFO  pl.ttpsc.javaupdate.project.persistence.sql.SqlService - DROP TABLE IF EXISTS Document; CREATE TABLE Document(id BIGINT, title VARCHAR(255), content VARCHAR(255), description VARCHAR(255), topic VARCHAR(255), creatorid BIGINT, projectId BIGINT)
14:13:49.855 [main] INFO  pl.ttpsc.javaupdate.project.persistence.sql.SqlService - DROP TABLE IF EXISTS CompanyUser; CREATE TABLE CompanyUser(id BIGINT, username VARCHAR(255), password VARCHAR(255))
14:13:49.938 [main] INFO  pl.ttpsc.javaupdate.project.persistence.sql.SqlService - INSERT INTO companyuser (id, username, password) VALUES (?, ?, ?)
14:13:54.167 [main] INFO  pl.ttpsc.javaupdate.project.action.LoginAction - Logged in as: admin
14:14:01.855 [main] INFO  pl.ttpsc.javaupdate.project.persistence.sql.SqlService - INSERT INTO document (id, title, content, description, topic, creatorid, projectId) VALUES (?, ?, ?, ?, ?, ?, ?)
14:14:01.859 [main] INFO  pl.ttpsc.javaupdate.project.action.documentActions.CreateDocumentAction - Document added
14:14:31.320 [main] INFO  pl.ttpsc.javaupdate.project.action.documentActions.DeleteDocumentAction - You can't delete doc with ID 2because is not found.
14:15:10.195 [main] INFO  pl.ttpsc.javaupdate.project.persistence.sql.SqlService - Document deleted
14:15:33.696 [main] INFO  pl.ttpsc.javaupdate.project.persistence.sql.SqlService - INSERT INTO document (id, title, content, description, topic, creatorid, projectId) VALUES (?, ?, ?, ?, ?, ?, ?)
14:15:33.700 [main] INFO  pl.ttpsc.javaupdate.project.action.documentActions.CreateDocumentAction - Document added
14:18:47.710 [main] INFO  pl.ttpsc.javaupdate.project.persistence.sql.SqlService - Document deleted
12:52:19.072 [main] ERROR pl.ttpsc.javaupdate.project.persistence.sql.SqlService - Batch entry 0 INSERT INTO user_roles (project_id, user_id, role) VALUES (1, 1, 'MANAGER') was aborted: BŁĄD: wstawianie lub modyfikacja na tabeli "user_roles" narusza klucz obcy "fk_project"
  Detail: Klucz (project_id)=(1) nie występuje w tabeli "project".  Call getNextException to see other errors in the batch.
12:52:19.079 [main] INFO  pl.ttpsc.javaupdate.project.persistence.sql.SqlService - DROP TABLE IF EXISTS Project; CREATE TABLE Project(id BIGINT, name VARCHAR(255), creatorId BIGINT)
12:54:00.432 [main] ERROR pl.ttpsc.javaupdate.project.persistence.sql.SqlService - Batch entry 0 INSERT INTO user_roles (project_id, user_id, role) VALUES (1, 1, 'MANAGER') was aborted: BŁĄD: wstawianie lub modyfikacja na tabeli "user_roles" narusza klucz obcy "fk_project"
  Detail: Klucz (project_id)=(1) nie występuje w tabeli "project".  Call getNextException to see other errors in the batch.
12:54:00.456 [main] INFO  pl.ttpsc.javaupdate.project.persistence.sql.SqlService - INSERT INTO companyuser (id, username, password) VALUES (?, ?, ?)
12:54:00.458 [main] ERROR pl.ttpsc.javaupdate.project.persistence.sql.SqlService - BŁĄD: relacja "companyuser" nie istnieje
  Position: 13
12:55:32.890 [main] ERROR pl.ttpsc.javaupdate.project.persistence.sql.SqlService - Batch entry 0 INSERT INTO user_roles (project_id, user_id, role) VALUES (1, 1, 'MANAGER') was aborted: BŁĄD: wstawianie lub modyfikacja na tabeli "user_roles" narusza klucz obcy "fk_project"
  Detail: Klucz (project_id)=(1) nie występuje w tabeli "project".  Call getNextException to see other errors in the batch.
12:55:32.919 [main] INFO  pl.ttpsc.javaupdate.project.persistence.sql.SqlService - INSERT INTO companyuser (id, username, password) VALUES (?, ?, ?)
12:58:44.814 [main] INFO  pl.ttpsc.javaupdate.project.persistence.sql.SqlService - INSERT INTO project (id, name, creatorId) VALUES (?, ?, ?)
12:58:44.825 [main] ERROR pl.ttpsc.javaupdate.project.persistence.sql.SqlService - BŁĄD: kolumna "creatorid" relacji "project" nie istnieje
  Position: 32
12:58:44.863 [main] ERROR pl.ttpsc.javaupdate.project.persistence.sql.SqlService - Batch entry 0 INSERT INTO user_roles (project_id, user_id, role) VALUES (1, 1, 'MANAGER') was aborted: BŁĄD: wstawianie lub modyfikacja na tabeli "user_roles" narusza klucz obcy "fk_project"
  Detail: Klucz (project_id)=(1) nie występuje w tabeli "project".  Call getNextException to see other errors in the batch.
13:00:50.889 [main] INFO  pl.ttpsc.javaupdate.project.persistence.sql.SqlService - INSERT INTO companyuser (id, username, password) VALUES (?, ?, ?)
13:00:50.927 [main] INFO  pl.ttpsc.javaupdate.project.persistence.sql.SqlService - INSERT INTO project (id, name, creatorId) VALUES (?, ?, ?)
13:03:46.792 [main] INFO  pl.ttpsc.javaupdate.project.persistence.sql.SqlService - INSERT INTO companyuser (id, username, password) VALUES (?, ?, ?)
13:03:46.838 [main] INFO  pl.ttpsc.javaupdate.project.persistence.sql.SqlService - INSERT INTO project (id, name, creatorId) VALUES (?, ?, ?)
13:03:46.878 [main] ERROR pl.ttpsc.javaupdate.project.persistence.sql.SqlService - Batch entry 0 INSERT INTO user_roles (project_id, user_id, role) VALUES (1, 1, 'MANAGER') was aborted: BŁĄD: null value in column "id" of relation "user_roles" violates not-null constraint
  Detail: Niepoprawne ograniczenia wiersza (null, 1, 1, MANAGER).  Call getNextException to see other errors in the batch.
13:07:01.063 [main] ERROR pl.ttpsc.javaupdate.project.persistence.sql.SqlService - Batch entry 0 INSERT INTO user_roles (project_id, user_id, role) VALUES (1, 1, 'MANAGER') was aborted: BŁĄD: null value in column "id" of relation "user_roles" violates not-null constraint
  Detail: Niepoprawne ograniczenia wiersza (null, 1, 1, MANAGER).  Call getNextException to see other errors in the batch.
13:15:41.311 [main] INFO  pl.ttpsc.javaupdate.project.action.LoginAction - Logged in as: admin
13:17:33.159 [main] INFO  pl.ttpsc.javaupdate.project.persistence.sql.SqlService - INSERT INTO document (id, title, content, description, topic, creatorid, projectId) VALUES (?, ?, ?, ?, ?, ?, ?)
13:17:33.165 [main] INFO  pl.ttpsc.javaupdate.project.action.documentActions.CreateDocumentAction - Document added
13:17:43.401 [main] INFO  pl.ttpsc.javaupdate.project.action.documentActions.DeleteDocumentAction - You are not authorized to delete this document.
13:19:19.793 [main] INFO  pl.ttpsc.javaupdate.project.action.LoginAction - Logged in as: admin
13:19:28.410 [main] INFO  pl.ttpsc.javaupdate.project.persistence.sql.SqlService - INSERT INTO document (id, title, content, description, topic, creatorid, projectId) VALUES (?, ?, ?, ?, ?, ?, ?)
13:19:28.420 [main] ERROR pl.ttpsc.javaupdate.project.persistence.sql.SqlService - BŁĄD: podwójna wartość klucza narusza ograniczenie unikalności "document_pkey"
  Detail: Klucz (id)=(1) już istnieje.
13:19:28.421 [main] INFO  pl.ttpsc.javaupdate.project.action.documentActions.CreateDocumentAction - Document added
13:19:59.836 [main] INFO  pl.ttpsc.javaupdate.project.action.LoginAction - Logged in as: admin
13:22:04.257 [main] INFO  pl.ttpsc.javaupdate.project.action.documentActions.DeleteDocumentAction - You are not authorized to delete this document.
13:24:56.089 [main] INFO  pl.ttpsc.javaupdate.project.action.documentActions.DeleteDocumentAction - You are not authorized to delete this document.
13:25:04.417 [main] INFO  pl.ttpsc.javaupdate.project.action.LoginAction - Logged in as: admin
13:25:07.445 [main] INFO  pl.ttpsc.javaupdate.project.persistence.sql.SqlService - Document deleted
13:25:07.445 [main] INFO  pl.ttpsc.javaupdate.project.action.documentActions.DeleteDocumentAction - Document deleted successfully.
13:28:43.936 [main] INFO  pl.ttpsc.javaupdate.project.persistence.sql.SqlService - INSERT INTO companyuser (id, username, password) VALUES (?, ?, ?)
13:28:47.441 [main] INFO  pl.ttpsc.javaupdate.project.action.LoginAction - Logged in as: admin
13:28:58.280 [main] INFO  pl.ttpsc.javaupdate.project.persistence.sql.SqlService - INSERT INTO document (id, title, content, description, topic, creatorid, projectId) VALUES (?, ?, ?, ?, ?, ?, ?)
13:28:58.285 [main] INFO  pl.ttpsc.javaupdate.project.action.documentActions.CreateDocumentAction - Document added
13:29:02.331 [main] INFO  pl.ttpsc.javaupdate.project.action.documentActions.DeleteDocumentAction - Document deleted
13:29:41.501 [main] INFO  pl.ttpsc.javaupdate.project.action.LoginAction - Logged in as: admin
13:29:48.819 [main] INFO  pl.ttpsc.javaupdate.project.persistence.sql.SqlService - INSERT INTO document (id, title, content, description, topic, creatorid, projectId) VALUES (?, ?, ?, ?, ?, ?, ?)
13:29:48.825 [main] INFO  pl.ttpsc.javaupdate.project.action.documentActions.CreateDocumentAction - Document added
13:32:02.073 [main] INFO  pl.ttpsc.javaupdate.project.action.LoginAction - Invalid login or password. Try again.
13:32:11.273 [main] INFO  pl.ttpsc.javaupdate.project.action.LoginAction - Invalid login or password. Try again.
13:32:33.384 [main] INFO  pl.ttpsc.javaupdate.project.action.LoginAction - Invalid login or password. Try again.
13:32:44.241 [main] INFO  pl.ttpsc.javaupdate.project.action.LoginAction - Invalid login or password. Try again.
13:38:05.786 [main] INFO  pl.ttpsc.javaupdate.project.persistence.sql.SqlService - INSERT INTO companyuser (id, username, password) VALUES (?, ?, ?)
13:38:05.851 [main] ERROR pl.ttpsc.javaupdate.project.persistence.sql.SqlService - Batch entry 0 INSERT INTO user_roles (project_id, user_id, role) VALUES (1, 1, 'MANAGER') was aborted: BŁĄD: wstawianie lub modyfikacja na tabeli "user_roles" narusza klucz obcy "fk_project"
  Detail: Klucz (project_id)=(1) nie występuje w tabeli "project".  Call getNextException to see other errors in the batch.
13:38:05.879 [main] INFO  pl.ttpsc.javaupdate.project.persistence.sql.SqlService - INSERT INTO project (id, name, creatorId) VALUES (?, ?, ?)
13:38:05.911 [main] INFO  pl.ttpsc.javaupdate.project.persistence.sql.SqlService - INSERT INTO companyuser (id, username, password) VALUES (?, ?, ?)
13:43:03.766 [main] INFO  pl.ttpsc.javaupdate.project.persistence.sql.SqlService - INSERT INTO companyuser (id, username, password) VALUES (?, ?, ?)
13:43:03.825 [main] ERROR pl.ttpsc.javaupdate.project.persistence.sql.SqlService - Batch entry 0 INSERT INTO user_roles (project_id, user_id, role) VALUES (1, 1, 'MANAGER') was aborted: BŁĄD: wstawianie lub modyfikacja na tabeli "user_roles" narusza klucz obcy "fk_project"
  Detail: Klucz (project_id)=(1) nie występuje w tabeli "project".  Call getNextException to see other errors in the batch.
13:43:03.852 [main] INFO  pl.ttpsc.javaupdate.project.persistence.sql.SqlService - INSERT INTO project (id, name, creatorId) VALUES (?, ?, ?)
13:43:03.884 [main] INFO  pl.ttpsc.javaupdate.project.persistence.sql.SqlService - INSERT INTO companyuser (id, username, password) VALUES (?, ?, ?)
13:43:33.316 [main] INFO  pl.ttpsc.javaupdate.project.persistence.sql.SqlService - INSERT INTO companyuser (id, username, password) VALUES (?, ?, ?)
13:43:33.328 [main] ERROR pl.ttpsc.javaupdate.project.persistence.sql.SqlService - BŁĄD: podwójna wartość klucza narusza ograniczenie unikalności "companyuser_pkey"
  Detail: Klucz (id)=(1) już istnieje.
13:43:33.387 [main] INFO  pl.ttpsc.javaupdate.project.persistence.sql.SqlService - INSERT INTO project (id, name, creatorId) VALUES (?, ?, ?)
13:43:33.390 [main] ERROR pl.ttpsc.javaupdate.project.persistence.sql.SqlService - BŁĄD: podwójna wartość klucza narusza ograniczenie unikalności "project_pkey"
  Detail: Klucz (id)=(1) już istnieje.
13:43:33.415 [main] INFO  pl.ttpsc.javaupdate.project.persistence.sql.SqlService - INSERT INTO companyuser (id, username, password) VALUES (?, ?, ?)
13:43:33.418 [main] ERROR pl.ttpsc.javaupdate.project.persistence.sql.SqlService - BŁĄD: podwójna wartość klucza narusza ograniczenie unikalności "companyuser_pkey"
  Detail: Klucz (id)=(2) już istnieje.
13:44:43.087 [main] INFO  pl.ttpsc.javaupdate.project.action.LoginAction - Logged in as: admin
13:44:57.492 [main] INFO  pl.ttpsc.javaupdate.project.persistence.sql.SqlService - INSERT INTO document (id, title, content, description, topic, creatorid, projectId) VALUES (?, ?, ?, ?, ?, ?, ?)
13:44:57.499 [main] INFO  pl.ttpsc.javaupdate.project.action.documentActions.CreateDocumentAction - Document added
13:45:00.431 [main] INFO  pl.ttpsc.javaupdate.project.action.documentActions.DeleteDocumentAction - You are not authorized to delete this document.
13:45:24.756 [main] INFO  pl.ttpsc.javaupdate.project.action.LoginAction - Logged in as: userM
13:45:29.000 [main] INFO  pl.ttpsc.javaupdate.project.action.documentActions.DeleteDocumentAction - Document deleted
13:46:22.586 [main] INFO  pl.ttpsc.javaupdate.project.action.LoginAction - Logged in as: admin
13:46:34.089 [main] INFO  pl.ttpsc.javaupdate.project.persistence.sql.SqlService - INSERT INTO document (id, title, content, description, topic, creatorid, projectId) VALUES (?, ?, ?, ?, ?, ?, ?)
13:46:34.095 [main] INFO  pl.ttpsc.javaupdate.project.action.documentActions.CreateDocumentAction - Document added
13:46:39.558 [main] INFO  pl.ttpsc.javaupdate.project.action.documentActions.DeleteDocumentAction - Document deleted
13:50:52.407 [main] INFO  pl.ttpsc.javaupdate.project.action.LoginAction - Logged in as: admin
14:00:00.515 [main] INFO  pl.ttpsc.javaupdate.project.persistence.sql.SqlService - INSERT INTO document (id, title, content, description, topic, creatorid, projectId) VALUES (?, ?, ?, ?, ?, ?, ?)
14:00:00.520 [main] INFO  pl.ttpsc.javaupdate.project.action.documentActions.CreateDocumentAction - Document added
14:00:59.864 [main] INFO  pl.ttpsc.javaupdate.project.action.LoginAction - Logged in as: admin
14:01:34.044 [main] INFO  pl.ttpsc.javaupdate.project.action.documentActions.CreateDocumentAction - You are not authorized to delete this document.
14:51:17.236 [main] INFO  pl.ttpsc.javaupdate.project.action.LoginAction - Logged in as: admin
14:52:24.180 [main] INFO  pl.ttpsc.javaupdate.project.action.documentActions.GetListOfDocumentsAction - You are not authorized to find this documents from project:1
14:52:41.730 [main] INFO  pl.ttpsc.javaupdate.project.action.LoginAction - Logged in as: userM
14:53:04.700 [main] INFO  pl.ttpsc.javaupdate.project.action.documentActions.FindDocumentAction - Document with ID 4 not found.
20:04:13.345 [main] INFO  pl.ttpsc.javaupdate.project.action.LoginAction - Logged in as: admin
20:04:16.464 [main] ERROR pl.ttpsc.javaupdate.project.action.projectActions.CreateProjectAction - User with ID 2 is not an administrator and cannot create projects.
21:06:52.900 [main] INFO  pl.ttpsc.javaupdate.project.persistence.sql.SqlService - Administrator role saved successfully for user with ID: 2
21:07:08.112 [main] INFO  pl.ttpsc.javaupdate.project.action.LoginAction - Logged in as: admin
21:07:17.634 [main] INFO  pl.ttpsc.javaupdate.project.persistence.sql.SqlService - Administrator role saved successfully for user with ID: 1
21:07:37.115 [main] INFO  pl.ttpsc.javaupdate.project.persistence.sql.SqlService - Administrator role saved successfully for user with ID: 2
21:07:41.533 [main] INFO  pl.ttpsc.javaupdate.project.action.LoginAction - Logged in as: userM
21:07:52.854 [main] INFO  pl.ttpsc.javaupdate.project.persistence.sql.SqlService - INSERT INTO project (id, name, creatorId) VALUES (?, ?, ?)
21:07:52.860 [main] ERROR pl.ttpsc.javaupdate.project.persistence.sql.SqlService - BŁĄD: podwójna wartość klucza narusza ograniczenie unikalności "project_pkey"
  Detail: Klucz (id)=(1) już istnieje.
21:07:52.861 [main] INFO  pl.ttpsc.javaupdate.project.action.projectActions.CreateProjectAction - Project created
21:09:05.725 [main] INFO  pl.ttpsc.javaupdate.project.persistence.sql.SqlService - INSERT INTO companyuser (id, username, password) VALUES (?, ?, ?)
21:09:05.824 [main] INFO  pl.ttpsc.javaupdate.project.persistence.sql.SqlService - Administrator role saved successfully for user with ID: 2
21:09:22.606 [main] INFO  pl.ttpsc.javaupdate.project.persistence.sql.SqlService - INSERT INTO companyuser (id, username, password) VALUES (?, ?, ?)
21:09:22.625 [main] ERROR pl.ttpsc.javaupdate.project.persistence.sql.SqlService - BŁĄD: podwójna wartość klucza narusza ograniczenie unikalności "companyuser_pkey"
  Detail: Klucz (id)=(3) już istnieje.
21:09:22.711 [main] INFO  pl.ttpsc.javaupdate.project.persistence.sql.SqlService - Administrator role saved successfully for user with ID: 2
21:09:25.799 [main] INFO  pl.ttpsc.javaupdate.project.persistence.sql.SqlService - INSERT INTO companyuser (id, username, password) VALUES (?, ?, ?)
21:09:25.816 [main] ERROR pl.ttpsc.javaupdate.project.persistence.sql.SqlService - BŁĄD: podwójna wartość klucza narusza ograniczenie unikalności "companyuser_pkey"
  Detail: Klucz (id)=(3) już istnieje.
21:09:25.912 [main] INFO  pl.ttpsc.javaupdate.project.persistence.sql.SqlService - Administrator role saved successfully for user with ID: 2
21:09:34.386 [main] INFO  pl.ttpsc.javaupdate.project.action.LoginAction - Logged in as: userHR
21:09:41.393 [main] ERROR pl.ttpsc.javaupdate.project.action.projectActions.CreateProjectAction - User with ID 3 is not an administrator and cannot create projects.
21:10:25.252 [main] INFO  pl.ttpsc.javaupdate.project.persistence.sql.SqlService - INSERT INTO companyuser (id, username, password) VALUES (?, ?, ?)
21:10:25.268 [main] ERROR pl.ttpsc.javaupdate.project.persistence.sql.SqlService - BŁĄD: podwójna wartość klucza narusza ograniczenie unikalności "companyuser_pkey"
  Detail: Klucz (id)=(3) już istnieje.
21:10:25.357 [main] INFO  pl.ttpsc.javaupdate.project.persistence.sql.SqlService - Administrator role saved successfully for user with ID: 2
21:10:42.939 [main] INFO  pl.ttpsc.javaupdate.project.persistence.sql.SqlService - Administrator role saved successfully for user with ID: 2
21:10:49.148 [main] INFO  pl.ttpsc.javaupdate.project.persistence.sql.SqlService - Administrator role saved successfully for user with ID: 2
21:10:52.108 [main] INFO  pl.ttpsc.javaupdate.project.action.LoginAction - Logged in as: admin
21:11:00.286 [main] INFO  pl.ttpsc.javaupdate.project.persistence.sql.SqlService - Administrator role saved successfully for user with ID: 3
21:11:07.567 [main] INFO  pl.ttpsc.javaupdate.project.persistence.sql.SqlService - Administrator role saved successfully for user with ID: 2
21:11:14.744 [main] INFO  pl.ttpsc.javaupdate.project.action.LoginAction - Logged in as: userHR
21:11:20.500 [main] INFO  pl.ttpsc.javaupdate.project.persistence.sql.SqlService - INSERT INTO project (id, name, creatorId) VALUES (?, ?, ?)
21:11:20.505 [main] INFO  pl.ttpsc.javaupdate.project.action.projectActions.CreateProjectAction - Project created
21:34:09.272 [main] INFO  pl.ttpsc.javaupdate.project.action.LoginAction - Logged in as: admin
21:34:18.792 [main] INFO  pl.ttpsc.javaupdate.project.action.userActions.AddRoleToUserAction - You can't grand role to user in project id:2
21:56:40.519 [main] INFO  pl.ttpsc.javaupdate.project.action.LoginAction - Logged in as: userM
21:57:19.173 [main] ERROR pl.ttpsc.javaupdate.project.persistence.sql.SqlService - BŁĄD: nieprawidłowa składnia wejścia dla typu bigint: "null"
  Position: 123
21:57:19.173 [main] INFO  pl.ttpsc.javaupdate.project.action.documentActions.UpdateDocumentAction - document updated
22:00:10.016 [main] INFO  pl.ttpsc.javaupdate.project.action.LoginAction - Logged in as: userM
22:06:01.351 [main] INFO  pl.ttpsc.javaupdate.project.action.LoginAction - Logged in as: admin
22:06:19.937 [main] INFO  pl.ttpsc.javaupdate.project.action.documentActions.UpdateDocumentAction - document updated
22:22:44.844 [main] INFO  pl.ttpsc.javaupdate.project.action.LoginAction - Logged in as: admin
22:23:52.037 [main] INFO  pl.ttpsc.javaupdate.project.action.LoginAction - Logged in as: admin
22:26:42.858 [main] INFO  pl.ttpsc.javaupdate.project.action.LoginAction - Logged in as: admin
22:29:57.469 [main] INFO  pl.ttpsc.javaupdate.project.action.LoginAction - Logged in as: admin
22:30:13.716 [main] INFO  pl.ttpsc.javaupdate.project.utility.Menu - Invalid choice. Please enter a valid number.
22:33:37.431 [main] INFO  pl.ttpsc.javaupdate.project.utility.Menu - Invalid choice. Please enter a valid number.
22:33:41.013 [main] INFO  pl.ttpsc.javaupdate.project.utility.Menu - Invalid choice. Please enter a valid number.
22:48:50.768 [main] INFO  pl.ttpsc.javaupdate.project.action.LoginAction - Logged in as: admin
22:51:51.755 [main] INFO  pl.ttpsc.javaupdate.project.action.LoginAction - Logged in as: admin
22:59:39.727 [main] INFO  pl.ttpsc.javaupdate.project.action.LoginAction - Logged in as: admin
23:00:18.149 [main] INFO  pl.ttpsc.javaupdate.project.action.LoginAction - Logged in as: admin
23:01:18.742 [main] INFO  pl.ttpsc.javaupdate.project.action.LoginAction - Logged in as: admin
23:02:33.646 [main] INFO  pl.ttpsc.javaupdate.project.action.LoginAction - Logged in as: admin
23:02:53.967 [main] INFO  pl.ttpsc.javaupdate.project.action.LoginAction - Logged in as: admin
23:03:55.436 [main] INFO  pl.ttpsc.javaupdate.project.action.LoginAction - Logged in as: admin
23:04:10.495 [main] INFO  pl.ttpsc.javaupdate.project.action.documentActions.DeleteDocumentAction - You can't delete doc with ID 2because is not found.
23:07:53.424 [main] INFO  pl.ttpsc.javaupdate.project.action.LoginAction - Invalid login or password. Try again.
23:08:05.986 [main] INFO  pl.ttpsc.javaupdate.project.action.LoginAction - Logged in as: admin
23:08:26.714 [main] INFO  pl.ttpsc.javaupdate.project.action.documentActions.DeleteDocumentAction - You can't delete doc with ID 2because is not found.
23:11:58.081 [main] INFO  pl.ttpsc.javaupdate.project.action.LoginAction - Logged in as: admin
23:19:11.142 [main] INFO  pl.ttpsc.javaupdate.project.action.LoginAction - Logged in as: admin
23:19:26.476 [main] INFO  pl.ttpsc.javaupdate.project.persistence.sql.SqlService - INSERT INTO companyuser (id, username, password) VALUES (?, ?, ?)
23:19:26.482 [main] ERROR pl.ttpsc.javaupdate.project.persistence.sql.SqlService - BŁĄD: podwójna wartość klucza narusza ograniczenie unikalności "companyuser_pkey"
  Detail: Klucz (id)=(1) już istnieje.
23:19:26.483 [main] INFO  pl.ttpsc.javaupdate.project.action.userActions.CreateUserAction - User added
23:30:17.142 [main] INFO  pl.ttpsc.javaupdate.project.action.LoginAction - Logged in as: admin
23:33:17.625 [main] INFO  pl.ttpsc.javaupdate.project.action.LoginAction - Logged in as: admin
23:33:28.270 [main] INFO  pl.ttpsc.javaupdate.project.action.documentActions.CreateDocumentAction - Project with ID 1 not found.
23:34:26.467 [main] INFO  pl.ttpsc.javaupdate.project.action.LoginAction - Logged in as: admin
23:34:32.434 [main] INFO  pl.ttpsc.javaupdate.project.persistence.sql.SqlService - INSERT INTO project (id, name, creatorId) VALUES (?, ?, ?)
23:34:32.439 [main] ERROR pl.ttpsc.javaupdate.project.persistence.sql.SqlService - BŁĄD: kolumna "id" jest typu bigint ale wyrażenie jest typu character varying
  Hint: Będziesz musiał przepisać lub rzutować wyrażenie.
  Position: 51
23:34:32.440 [main] INFO  pl.ttpsc.javaupdate.project.action.projectActions.CreateProjectAction - Project created
23:36:00.454 [main] INFO  pl.ttpsc.javaupdate.project.action.LoginAction - Logged in as: admin
23:39:47.147 [main] INFO  pl.ttpsc.javaupdate.project.persistence.sql.SqlService - INSERT INTO project (id, name, creatorId) VALUES (?, ?, ?)
23:39:58.825 [main] INFO  pl.ttpsc.javaupdate.project.action.LoginAction - Logged in as: admin
23:40:04.020 [main] INFO  pl.ttpsc.javaupdate.project.persistence.sql.SqlService - INSERT INTO project (id, name, creatorId) VALUES (?, ?, ?)
23:40:04.024 [main] ERROR pl.ttpsc.javaupdate.project.persistence.sql.SqlService - BŁĄD: kolumna "id" jest typu bigint ale wyrażenie jest typu character varying
  Hint: Będziesz musiał przepisać lub rzutować wyrażenie.
  Position: 51
23:40:04.025 [main] INFO  pl.ttpsc.javaupdate.project.action.projectActions.CreateProjectAction - Project created
23:44:11.244 [main] INFO  pl.ttpsc.javaupdate.project.action.LoginAction - Logged in as: admin
23:53:20.047 [main] INFO  pl.ttpsc.javaupdate.project.action.LoginAction - Logged in as: admin
23:53:24.515 [main] INFO  pl.ttpsc.javaupdate.project.persistence.sql.SqlService - INSERT INTO project (id, name, creatorId) VALUES (?, ?, ?)
23:53:24.520 [main] INFO  pl.ttpsc.javaupdate.project.action.projectActions.CreateProjectAction - Project created
23:53:47.748 [main] INFO  pl.ttpsc.javaupdate.project.persistence.sql.SqlService - INSERT INTO project (id, name, creatorId) VALUES (?, ?, ?)
23:53:47.752 [main] INFO  pl.ttpsc.javaupdate.project.action.projectActions.CreateProjectAction - Project created
23:54:11.123 [main] INFO  pl.ttpsc.javaupdate.project.persistence.sql.SqlService - INSERT INTO project (id, name, creatorId) VALUES (?, ?, ?)
23:54:11.127 [main] INFO  pl.ttpsc.javaupdate.project.action.projectActions.CreateProjectAction - Project created
23:57:34.388 [main] INFO  pl.ttpsc.javaupdate.project.action.LoginAction - Logged in as: admin
23:57:44.639 [main] INFO  pl.ttpsc.javaupdate.project.action.documentActions.CreateDocumentAction - You are not authorized to create document.
23:58:01.751 [main] INFO  pl.ttpsc.javaupdate.project.persistence.sql.SqlService - INSERT INTO project (id, name, creatorId) VALUES (?, ?, ?)
23:58:01.755 [main] INFO  pl.ttpsc.javaupdate.project.action.projectActions.CreateProjectAction - Project created
23:58:12.695 [main] INFO  pl.ttpsc.javaupdate.project.persistence.sql.SqlService - INSERT INTO project (id, name, creatorId) VALUES (?, ?, ?)
23:58:12.699 [main] INFO  pl.ttpsc.javaupdate.project.action.projectActions.CreateProjectAction - Project created
00:00:30.849 [main] INFO  pl.ttpsc.javaupdate.project.action.LoginAction - Logged in as: admin
00:01:28.820 [main] INFO  pl.ttpsc.javaupdate.project.persistence.sql.SqlService - INSERT INTO companyuser (id, username, password) VALUES (?, ?, ?)
00:01:28.825 [main] ERROR pl.ttpsc.javaupdate.project.persistence.sql.SqlService - BŁĄD: null value in column "id" of relation "companyuser" violates not-null constraint
  Detail: Niepoprawne ograniczenia wiersza (null, userHR, pass).
00:01:28.826 [main] INFO  pl.ttpsc.javaupdate.project.action.userActions.CreateUserAction - User added
00:03:00.854 [main] INFO  pl.ttpsc.javaupdate.project.action.LoginAction - Logged in as: admin
00:03:37.180 [main] INFO  pl.ttpsc.javaupdate.project.persistence.sql.SqlService - INSERT INTO companyuser (id, username, password) VALUES (?, ?, ?)
00:03:37.182 [main] INFO  pl.ttpsc.javaupdate.project.action.userActions.CreateUserAction - User added
00:04:58.566 [main] INFO  pl.ttpsc.javaupdate.project.persistence.sql.SqlService - INSERT INTO document (id, title, content, description, topic, creatorid, projectId) VALUES (?, ?, ?, ?, ?, ?, ?)
00:04:58.572 [main] INFO  pl.ttpsc.javaupdate.project.action.documentActions.CreateDocumentAction - Document added
00:05:24.217 [main] INFO  pl.ttpsc.javaupdate.project.action.documentActions.GetListOfDocumentsAction - You are not authorized to find this documents from project:2
00:12:13.509 [main] INFO  pl.ttpsc.javaupdate.project.action.LoginAction - Logged in as: admin
00:12:20.867 [main] INFO  pl.ttpsc.javaupdate.project.persistence.sql.SqlService - INSERT INTO document (id, title, content, description, topic, creatorid, projectId) VALUES (?, ?, ?, ?, ?, ?, ?)
00:12:20.873 [main] INFO  pl.ttpsc.javaupdate.project.action.documentActions.CreateDocumentAction - Document added
00:48:57.447 [main] ERROR pl.ttpsc.javaupdate.project.persistence.sql.SqlService - Unable to parse URL jdbc:postgresql://null:null/null?useSSL=false&serverTimezone=UTC&allowPublicKeyRetrieval=true
00:48:57.453 [main] ERROR pl.ttpsc.javaupdate.project.persistence.sql.SqlService - Unable to parse URL jdbc:postgresql://null:null/null?useSSL=false&serverTimezone=UTC&allowPublicKeyRetrieval=true
00:48:57.473 [main] ERROR pl.ttpsc.javaupdate.project.persistence.sql.SqlService - Unable to parse URL jdbc:postgresql://null:null/null?useSSL=false&serverTimezone=UTC&allowPublicKeyRetrieval=true
00:48:57.479 [main] ERROR pl.ttpsc.javaupdate.project.persistence.sql.SqlService - Unable to parse URL jdbc:postgresql://null:null/null?useSSL=false&serverTimezone=UTC&allowPublicKeyRetrieval=true
00:48:57.482 [main] ERROR pl.ttpsc.javaupdate.project.persistence.sql.SqlService - Unable to parse URL jdbc:postgresql://null:null/null?useSSL=false&serverTimezone=UTC&allowPublicKeyRetrieval=true
00:48:57.485 [main] ERROR pl.ttpsc.javaupdate.project.persistence.sql.SqlService - Unable to parse URL jdbc:postgresql://null:null/null?useSSL=false&serverTimezone=UTC&allowPublicKeyRetrieval=true
00:49:52.155 [main] ERROR pl.ttpsc.javaupdate.project.persistence.sql.SqlService - Unable to parse URL jdbc:postgresql://null:null/null?useSSL=false&serverTimezone=UTC&allowPublicKeyRetrieval=true
00:49:52.160 [main] ERROR pl.ttpsc.javaupdate.project.persistence.sql.SqlService - Unable to parse URL jdbc:postgresql://null:null/null?useSSL=false&serverTimezone=UTC&allowPublicKeyRetrieval=true
00:49:52.179 [main] ERROR pl.ttpsc.javaupdate.project.persistence.sql.SqlService - Unable to parse URL jdbc:postgresql://null:null/null?useSSL=false&serverTimezone=UTC&allowPublicKeyRetrieval=true
00:49:52.185 [main] ERROR pl.ttpsc.javaupdate.project.persistence.sql.SqlService - Unable to parse URL jdbc:postgresql://null:null/null?useSSL=false&serverTimezone=UTC&allowPublicKeyRetrieval=true
00:49:52.188 [main] ERROR pl.ttpsc.javaupdate.project.persistence.sql.SqlService - Unable to parse URL jdbc:postgresql://null:null/null?useSSL=false&serverTimezone=UTC&allowPublicKeyRetrieval=true
00:49:52.193 [main] ERROR pl.ttpsc.javaupdate.project.persistence.sql.SqlService - Unable to parse URL jdbc:postgresql://null:null/null?useSSL=false&serverTimezone=UTC&allowPublicKeyRetrieval=true
00:51:42.683 [main] ERROR pl.ttpsc.javaupdate.project.persistence.sql.SqlService - Unable to parse URL jdbc:postgresql://null:null/null?useSSL=false&serverTimezone=UTC&allowPublicKeyRetrieval=true
00:51:42.690 [main] ERROR pl.ttpsc.javaupdate.project.persistence.sql.SqlService - Unable to parse URL jdbc:postgresql://null:null/null?useSSL=false&serverTimezone=UTC&allowPublicKeyRetrieval=true
00:51:42.713 [main] ERROR pl.ttpsc.javaupdate.project.persistence.sql.SqlService - Unable to parse URL jdbc:postgresql://null:null/null?useSSL=false&serverTimezone=UTC&allowPublicKeyRetrieval=true
00:51:42.719 [main] ERROR pl.ttpsc.javaupdate.project.persistence.sql.SqlService - Unable to parse URL jdbc:postgresql://null:null/null?useSSL=false&serverTimezone=UTC&allowPublicKeyRetrieval=true
00:51:42.723 [main] ERROR pl.ttpsc.javaupdate.project.persistence.sql.SqlService - Unable to parse URL jdbc:postgresql://null:null/null?useSSL=false&serverTimezone=UTC&allowPublicKeyRetrieval=true
00:51:42.727 [main] ERROR pl.ttpsc.javaupdate.project.persistence.sql.SqlService - Unable to parse URL jdbc:postgresql://null:null/null?useSSL=false&serverTimezone=UTC&allowPublicKeyRetrieval=true
00:53:34.999 [main] ERROR pl.ttpsc.javaupdate.project.persistence.sql.SqlService - Unable to parse URL jdbc:postgresql://null:null/null?useSSL=false&serverTimezone=UTC&allowPublicKeyRetrieval=true
00:53:35.005 [main] ERROR pl.ttpsc.javaupdate.project.persistence.sql.SqlService - Unable to parse URL jdbc:postgresql://null:null/null?useSSL=false&serverTimezone=UTC&allowPublicKeyRetrieval=true
00:53:35.024 [main] ERROR pl.ttpsc.javaupdate.project.persistence.sql.SqlService - Unable to parse URL jdbc:postgresql://null:null/null?useSSL=false&serverTimezone=UTC&allowPublicKeyRetrieval=true
00:53:35.031 [main] ERROR pl.ttpsc.javaupdate.project.persistence.sql.SqlService - Unable to parse URL jdbc:postgresql://null:null/null?useSSL=false&serverTimezone=UTC&allowPublicKeyRetrieval=true
00:53:56.609 [main] ERROR pl.ttpsc.javaupdate.project.persistence.sql.SqlService - Unable to parse URL jdbc:postgresql://null:null/null?useSSL=false&serverTimezone=UTC&allowPublicKeyRetrieval=true
00:53:56.614 [main] ERROR pl.ttpsc.javaupdate.project.persistence.sql.SqlService - Unable to parse URL jdbc:postgresql://null:null/null?useSSL=false&serverTimezone=UTC&allowPublicKeyRetrieval=true
00:53:56.633 [main] ERROR pl.ttpsc.javaupdate.project.persistence.sql.SqlService - Unable to parse URL jdbc:postgresql://null:null/null?useSSL=false&serverTimezone=UTC&allowPublicKeyRetrieval=true
00:53:56.639 [main] ERROR pl.ttpsc.javaupdate.project.persistence.sql.SqlService - Unable to parse URL jdbc:postgresql://null:null/null?useSSL=false&serverTimezone=UTC&allowPublicKeyRetrieval=true
00:55:39.067 [main] ERROR pl.ttpsc.javaupdate.project.persistence.sql.SqlService - Unable to parse URL jdbc:postgresql://null:null/null?useSSL=false&serverTimezone=UTC&allowPublicKeyRetrieval=true
16:32:03.028 [main] INFO  pl.ttpsc.javaupdate.project.action.LoginAction - Logged in as: admin
19:46:50.507 [main] INFO  pl.ttpsc.javaupdate.project.action.LoginAction - Logged in as: admin
